  [1m[36m (4.4ms)[0m  [1mCREATE TABLE "schema_migrations" ("version" varchar NOT NULL) [0m
  [1m[35m (2.2ms)[0m  select sqlite_version(*)
  [1m[36m (4.5ms)[0m  [1mCREATE UNIQUE INDEX "unique_schema_migrations" ON "schema_migrations" ("version")[0m
  [1m[35mActiveRecord::SchemaMigration Load (0.1ms)[0m  SELECT "schema_migrations".* FROM "schema_migrations"
Migrating to CreatePosts (20150810182836)
  [1m[36m (0.2ms)[0m  [1mbegin transaction[0m
  [1m[35m (0.6ms)[0m  CREATE TABLE "posts" ("id" INTEGER PRIMARY KEY AUTOINCREMENT NOT NULL, "caption" varchar, "created_at" datetime NOT NULL, "updated_at" datetime NOT NULL) 
  [1m[36mSQL (0.2ms)[0m  [1mINSERT INTO "schema_migrations" ("version") VALUES (?)[0m  [["version", "20150810182836"]]
  [1m[35m (3.8ms)[0m  commit transaction
Migrating to AddAttachmentImageToPosts (20150810184023)
  [1m[36m (0.1ms)[0m  [1mbegin transaction[0m
  [1m[35m (0.4ms)[0m  ALTER TABLE "posts" ADD "image_file_name" varchar
  [1m[36m (0.1ms)[0m  [1mALTER TABLE "posts" ADD "image_content_type" varchar[0m
  [1m[35m (0.1ms)[0m  ALTER TABLE "posts" ADD "image_file_size" integer
  [1m[36m (0.1ms)[0m  [1mALTER TABLE "posts" ADD "image_updated_at" datetime[0m
  [1m[35mSQL (0.3ms)[0m  INSERT INTO "schema_migrations" ("version") VALUES (?)  [["version", "20150810184023"]]
  [1m[36m (3.4ms)[0m  [1mcommit transaction[0m
  [1m[35mActiveRecord::SchemaMigration Load (0.2ms)[0m  SELECT "schema_migrations".* FROM "schema_migrations"


Started GET "/" for ::1 at 2016-12-19 13:53:18 -0800
  [1m[36mActiveRecord::SchemaMigration Load (0.2ms)[0m  [1mSELECT "schema_migrations".* FROM "schema_migrations"[0m
Processing by PostsController#index as HTML
  [1m[35mPost Load (0.3ms)[0m  SELECT "posts".* FROM "posts"
  Rendered posts/index.html.erb within layouts/application (31.3ms)
Completed 200 OK in 9500ms (Views: 9460.5ms | ActiveRecord: 0.5ms)


Started GET "/assets/application.self-e68875d3ff0f93b9f5005ea664ef082f308d65d0988ff0801cd5ed13bfe4584e.css?body=1" for ::1 at 2016-12-19 13:53:28 -0800


Started GET "/assets/bootstrap-sprockets.self-fbfa5ad7d9aa0afe439ec4ff3883acc4cb92b62cb67c40d674320c9aa1d4642d.js?body=1" for ::1 at 2016-12-19 13:53:28 -0800


Started GET "/assets/application.self-f8806224e027f3e3f0138ea9ce99319e298dfdb323304d1f1be6eae8e8c74724.js?body=1" for ::1 at 2016-12-19 13:53:28 -0800


Started GET "/assets/ProximaNova-Regular.otf" for ::1 at 2016-12-19 13:53:29 -0800


Started GET "/posts/new" for ::1 at 2016-12-19 13:53:34 -0800
Processing by PostsController#new as HTML
  Rendered posts/_form.html.erb (609.6ms)
  Rendered posts/new.html.erb within layouts/application (689.3ms)
Completed 200 OK in 876ms (Views: 868.7ms | ActiveRecord: 0.3ms)


Started POST "/posts" for ::1 at 2016-12-19 13:53:50 -0800
Processing by PostsController#create as HTML
  Parameters: {"utf8"=>"✓", "authenticity_token"=>"yiV1ZxHacQ1JIJhIke0uhh7VUiLymmCVj//q2s4CPHRPva6ZfsnhT8lVpVjk2L+usB6eb8AHVvdMcu7gjm/m0A==", "post"=>{"image"=>#<ActionDispatch::Http::UploadedFile:0x007fa390600a78 @tempfile=#<Tempfile:/var/folders/g_/hj5h45ls4rj9424f_sqjp6h40000gn/T/RackMultipart20161219-54792-18v4xze.jpg>, @original_filename="cheetah-animal-1440x900.jpg", @content_type="image/jpeg", @headers="Content-Disposition: form-data; name=\"post[image]\"; filename=\"cheetah-animal-1440x900.jpg\"\r\nContent-Type: image/jpeg\r\n">, "caption"=>"Usain Bolt "}, "commit"=>"Create Post"}
Command :: file -b --mime '/var/folders/g_/hj5h45ls4rj9424f_sqjp6h40000gn/T/f6ed9a3b1c3861e676c7e9013792e0f220161219-54792-vtlh07.jpg'
Command :: identify -format '%wx%h,%[exif:orientation]' '/var/folders/g_/hj5h45ls4rj9424f_sqjp6h40000gn/T/f6ed9a3b1c3861e676c7e9013792e0f220161219-54792-11qk8m1.jpg[0]' 2>/dev/null
Command :: identify -format %m '/var/folders/g_/hj5h45ls4rj9424f_sqjp6h40000gn/T/f6ed9a3b1c3861e676c7e9013792e0f220161219-54792-11qk8m1.jpg[0]'
Command :: convert '/var/folders/g_/hj5h45ls4rj9424f_sqjp6h40000gn/T/f6ed9a3b1c3861e676c7e9013792e0f220161219-54792-11qk8m1.jpg[0]' -auto-orient -resize "640" '/var/folders/g_/hj5h45ls4rj9424f_sqjp6h40000gn/T/5e99e160505068c0189e9d7fc7c363e520161219-54792-1rvrxds'
  [1m[36m (0.1ms)[0m  [1mbegin transaction[0m
Command :: file -b --mime '/var/folders/g_/hj5h45ls4rj9424f_sqjp6h40000gn/T/f6ed9a3b1c3861e676c7e9013792e0f220161219-54792-96w5ms.jpg'
  [1m[35mSQL (0.6ms)[0m  INSERT INTO "posts" ("image_file_name", "image_content_type", "image_file_size", "image_updated_at", "caption", "created_at", "updated_at") VALUES (?, ?, ?, ?, ?, ?, ?)  [["image_file_name", "cheetah-animal-1440x900.jpg"], ["image_content_type", "image/jpeg"], ["image_file_size", 343289], ["image_updated_at", "2016-12-19 21:53:50.136015"], ["caption", "Usain Bolt "], ["created_at", "2016-12-19 21:53:51.063443"], ["updated_at", "2016-12-19 21:53:51.063443"]]
  [1m[36m (8.3ms)[0m  [1mcommit transaction[0m
Redirected to http://localhost:3000/posts
Completed 302 Found in 989ms (ActiveRecord: 9.1ms)


Started GET "/posts" for ::1 at 2016-12-19 13:53:51 -0800
Processing by PostsController#index as HTML
  [1m[35mPost Load (0.2ms)[0m  SELECT "posts".* FROM "posts"
  Rendered posts/index.html.erb within layouts/application (2.6ms)
Completed 200 OK in 147ms (Views: 146.1ms | ActiveRecord: 0.2ms)


Started GET "/assets/ProximaNova-Regular.otf" for ::1 at 2016-12-19 13:53:51 -0800
